app/build/intermediates/manifest_merge_blame_file/debug/manifest-merger-blame-debug-report.txt
1<?xml version="1.0" encoding="utf-8"?>
2<manifest xmlns:android="http://schemas.android.com/apk/res/android"
3    package="com.fanqie.auto"
4    android:versionCode="10"
5    android:versionName="10.0.0" >
6
7    <uses-sdk
8        android:minSdkVersion="26"
9        android:targetSdkVersion="34" />
10
11    <uses-permission android:name="android.permission.INTERNET" />
11-->src/main/AndroidManifest.xml:4:5-67
11-->src/main/AndroidManifest.xml:4:22-64
12
13    <application
13-->src/main/AndroidManifest.xml:6:5-31:19
14        android:debuggable="true"
15        android:extractNativeLibs="false"
16        android:icon="@drawable/icon"
16-->src/main/AndroidManifest.xml:8:9-38
17        android:label="FanqieAuto"
17-->src/main/AndroidManifest.xml:7:9-35
18        android:theme="@android:style/Theme.Material.Light.DarkActionBar" >
18-->src/main/AndroidManifest.xml:9:9-74
19        <activity
19-->src/main/AndroidManifest.xml:11:9-19:20
20            android:name="com.fanqie.auto.ui.MainActivity"
20-->src/main/AndroidManifest.xml:12:13-44
21            android:exported="true"
21-->src/main/AndroidManifest.xml:13:13-36
22            android:label="番茄签到模块" >
22-->src/main/AndroidManifest.xml:14:13-35
23            <intent-filter>
23-->src/main/AndroidManifest.xml:15:13-18:29
24                <action android:name="android.intent.action.MAIN" />
24-->src/main/AndroidManifest.xml:16:17-69
24-->src/main/AndroidManifest.xml:16:25-66
25
26                <category android:name="android.intent.category.LAUNCHER" />
26-->src/main/AndroidManifest.xml:17:17-77
26-->src/main/AndroidManifest.xml:17:27-74
27            </intent-filter>
28        </activity>
29
30        <!-- Xposed 元数据 -->
31        <meta-data
31-->src/main/AndroidManifest.xml:22:9-24:36
32            android:name="xposedmodule"
32-->src/main/AndroidManifest.xml:23:13-40
33            android:value="true" />
33-->src/main/AndroidManifest.xml:24:13-33
34        <meta-data
34-->src/main/AndroidManifest.xml:25:9-27:49
35            android:name="xposeddescription"
35-->src/main/AndroidManifest.xml:26:13-45
36            android:value="番茄小说自动签到模块 v1.0.3" />
36-->src/main/AndroidManifest.xml:27:13-46
37        <meta-data
37-->src/main/AndroidManifest.xml:28:9-30:34
38            android:name="xposedminversion"
38-->src/main/AndroidManifest.xml:29:13-44
39            android:value="82" />
39-->src/main/AndroidManifest.xml:30:13-31
40    </application>
41
42</manifest>